<?xml version="1.0" encoding="UTF-8"?>
<testng-results ignored="0" total="6" passed="6" failed="0" skipped="0">
  <reporter-output>
  </reporter-output>
  <suite started-at="2024-02-10T10:12:48 IST" name="Suite" finished-at="2024-02-10T10:13:56 IST" duration-ms="68053">
    <groups>
    </groups>
    <test started-at="2024-02-10T10:12:48 IST" name="Test" finished-at="2024-02-10T10:13:56 IST" duration-ms="68053">
      <class name="org.test.AdactinOrderConfirmationTest">
        <test-method is-config="true" signature="beforeClass()[pri:0, instance:org.test.AdactinOrderConfirmationTest@75437611]" started-at="2024-02-10T10:12:48 IST" name="beforeClass" finished-at="2024-02-10T10:13:01 IST" duration-ms="12767" status="PASS">
          <reporter-output>
          </reporter-output>
        </test-method> <!-- beforeClass -->
        <test-method signature="loginTest()[pri:0, instance:org.test.AdactinOrderConfirmationTest@75437611]" started-at="2024-02-10T10:13:01 IST" name="loginTest" finished-at="2024-02-10T10:13:14 IST" duration-ms="13145" status="PASS">
          <reporter-output>
          </reporter-output>
        </test-method> <!-- loginTest -->
        <test-method signature="searchHotelTest()[pri:0, instance:org.test.AdactinOrderConfirmationTest@75437611]" started-at="2024-02-10T10:13:14 IST" name="searchHotelTest" finished-at="2024-02-10T10:13:19 IST" depends-on-methods="org.test.AdactinOrderConfirmationTest.loginTest" duration-ms="4260" status="PASS">
          <reporter-output>
          </reporter-output>
        </test-method> <!-- searchHotelTest -->
        <test-method signature="selectHotel()[pri:0, instance:org.test.AdactinOrderConfirmationTest@75437611]" started-at="2024-02-10T10:13:19 IST" name="selectHotel" finished-at="2024-02-10T10:13:31 IST" depends-on-methods="org.test.AdactinOrderConfirmationTest.searchHotelTest" duration-ms="12115" status="PASS">
          <reporter-output>
          </reporter-output>
        </test-method> <!-- selectHotel -->
        <test-method signature="bookHotel()[pri:0, instance:org.test.AdactinOrderConfirmationTest@75437611]" started-at="2024-02-10T10:13:31 IST" name="bookHotel" finished-at="2024-02-10T10:13:37 IST" depends-on-methods="org.test.AdactinOrderConfirmationTest.selectHotel" duration-ms="6316" status="PASS">
          <reporter-output>
          </reporter-output>
        </test-method> <!-- bookHotel -->
        <test-method signature="bookingConfirmation()[pri:0, instance:org.test.AdactinOrderConfirmationTest@75437611]" started-at="2024-02-10T10:13:37 IST" name="bookingConfirmation" finished-at="2024-02-10T10:13:38 IST" depends-on-methods="org.test.AdactinOrderConfirmationTest.bookHotel" duration-ms="1045" status="PASS">
          <reporter-output>
          </reporter-output>
        </test-method> <!-- bookingConfirmation -->
        <test-method is-config="true" signature="afterClass()[pri:0, instance:org.test.AdactinOrderConfirmationTest@75437611]" started-at="2024-02-10T10:13:38 IST" name="afterClass" finished-at="2024-02-10T10:13:38 IST" duration-ms="230" status="PASS">
          <reporter-output>
          </reporter-output>
        </test-method> <!-- afterClass -->
      </class> <!-- org.test.AdactinOrderConfirmationTest -->
      <class name="org.test.FacebookInvalidCredentialsTest">
        <test-method is-config="true" signature="beforeClass()[pri:0, instance:org.test.FacebookInvalidCredentialsTest@1349883]" started-at="2024-02-10T10:13:38 IST" name="beforeClass" finished-at="2024-02-10T10:13:48 IST" duration-ms="9735" status="PASS">
          <reporter-output>
          </reporter-output>
        </test-method> <!-- beforeClass -->
        <test-method signature="invalidLoginCredentials()[pri:0, instance:org.test.FacebookInvalidCredentialsTest@1349883]" started-at="2024-02-10T10:13:48 IST" name="invalidLoginCredentials" finished-at="2024-02-10T10:13:56 IST" duration-ms="8088" status="PASS">
          <reporter-output>
          </reporter-output>
        </test-method> <!-- invalidLoginCredentials -->
        <test-method is-config="true" signature="afterClass()[pri:0, instance:org.test.FacebookInvalidCredentialsTest@1349883]" started-at="2024-02-10T10:13:56 IST" name="afterClass" finished-at="2024-02-10T10:13:56 IST" duration-ms="246" status="PASS">
          <reporter-output>
          </reporter-output>
        </test-method> <!-- afterClass -->
      </class> <!-- org.test.FacebookInvalidCredentialsTest -->
    </test> <!-- Test -->
  </suite> <!-- Suite -->
</testng-results>
