<?xml version="1.0" encoding="UTF-8"?>
<!-- Generated by org.testng.reporters.JUnitXMLReporter -->
<testsuite ignored="0" hostname="DESKTOP-4DLILMI" failures="0" tests="5" name="Default test" time="42.242" errors="0" timestamp="09 Feb 2024 02:09:36 GMT">
  <testcase classname="org.test.AdactinOrderConfirmationTest" name="loginTest" time="12.197"/>
  <testcase classname="org.test.AdactinOrderConfirmationTest" name="searchHotelTest" time="2.761"/>
  <testcase classname="org.test.AdactinOrderConfirmationTest" name="selectHotel" time="11.288"/>
  <testcase classname="org.test.AdactinOrderConfirmationTest" name="bookHotel" time="6.248"/>
  <testcase classname="org.test.AdactinOrderConfirmationTest" name="bookingConfirmation" time="1.31"/>
</testsuite> <!-- Default test -->
