<?xml version="1.0" encoding="UTF-8"?>
<!-- Generated by org.testng.reporters.JUnitXMLReporter -->
<testsuite ignored="0" hostname="DESKTOP-4DLILMI" failures="0" tests="6" name="Test" time="68.053" errors="0" timestamp="2024-02-10T10:13:56 IST">
  <testcase classname="org.test.AdactinOrderConfirmationTest" name="loginTest" time="13.145"/>
  <testcase classname="org.test.AdactinOrderConfirmationTest" name="searchHotelTest" time="4.26"/>
  <testcase classname="org.test.AdactinOrderConfirmationTest" name="selectHotel" time="12.115"/>
  <testcase classname="org.test.AdactinOrderConfirmationTest" name="bookHotel" time="6.316"/>
  <testcase classname="org.test.AdactinOrderConfirmationTest" name="bookingConfirmation" time="1.045"/>
  <testcase classname="org.test.FacebookInvalidCredentialsTest" name="invalidLoginCredentials" time="8.088"/>
</testsuite> <!-- Test -->
